# JRE version: OpenJDK Runtime Environment (8.0_242-b01) (build 1.8.0_242-release-1644-b01)
# Java VM: OpenJDK 64-Bit Server VM (25.242-b01 mixed mode windows-amd64 compressed oops)
Heap:
 PSYoungGen      total 143360K, used 19397K [0x00000000d5580000, 0x00000000ded80000, 0x0000000100000000)
  eden space 131072K, 14% used [0x00000000d5580000,0x00000000d6871588,0x00000000dd580000)
  from space 12288K, 0% used [0x00000000de180000,0x00000000de180000,0x00000000ded80000)
  to   space 12288K, 0% used [0x00000000dd580000,0x00000000dd580000,0x00000000de180000)
 ParOldGen       total 62464K, used 14470K [0x0000000080000000, 0x0000000083d00000, 0x00000000d5580000)
  object space 62464K, 23% used [0x0000000080000000,0x0000000080e21a58,0x0000000083d00000)
 Metaspace       used 35100K, capacity 36374K, committed 36568K, reserved 1081344K
  class space    used 4821K, capacity 5088K, committed 5120K, reserved 1048576K
GC Heap History (10 events):
Event: 5.001 GC heap before
{Heap before GC invocations=6 (full 0):
 PSYoungGen      total 70656K, used 6035K [0x00000000d5580000, 0x00000000ded80000, 0x0000000100000000)
  eden space 65536K, 1% used [0x00000000d5580000,0x00000000d5669c80,0x00000000d9580000)
  from space 5120K, 99% used [0x00000000d9580000,0x00000000d9a7b050,0x00000000d9a80000)
  to   space 12288K, 0% used [0x00000000de180000,0x00000000de180000,0x00000000ded80000)
 ParOldGen       total 86016K, used 10485K [0x0000000080000000, 0x0000000085400000, 0x00000000d5580000)
  object space 86016K, 12% used [0x0000000080000000,0x0000000080a3d420,0x0000000085400000)
 Metaspace       used 20456K, capacity 21204K, committed 21248K, reserved 1067008K
  class space    used 2845K, capacity 3048K, committed 3072K, reserved 1048576K
Event: 5.028 GC heap after
Heap after GC invocations=6 (full 0):
 PSYoungGen      total 143360K, used 5132K [0x00000000d5580000, 0x00000000ded80000, 0x0000000100000000)
  eden space 131072K, 0% used [0x00000000d5580000,0x00000000d5580000,0x00000000dd580000)
  from space 12288K, 41% used [0x00000000de180000,0x00000000de683070,0x00000000ded80000)
  to   space 12288K, 0% used [0x00000000dd580000,0x00000000dd580000,0x00000000de180000)
 ParOldGen       total 86016K, used 10493K [0x0000000080000000, 0x0000000085400000, 0x00000000d5580000)
  object space 86016K, 12% used [0x0000000080000000,0x0000000080a3f420,0x0000000085400000)
 Metaspace       used 20456K, capacity 21204K, committed 21248K, reserved 1067008K
  class space    used 2845K, capacity 3048K, committed 3072K, reserved 1048576K
}
Event: 5.029 GC heap before
{Heap before GC invocations=7 (full 1):
 PSYoungGen      total 143360K, used 5132K [0x00000000d5580000, 0x00000000ded80000, 0x0000000100000000)
  eden space 131072K, 0% used [0x00000000d5580000,0x00000000d5580000,0x00000000dd580000)
  from space 12288K, 41% used [0x00000000de180000,0x00000000de683070,0x00000000ded80000)
  to   space 12288K, 0% used [0x00000000dd580000,0x00000000dd580000,0x00000000de180000)
 ParOldGen       total 86016K, used 10493K [0x0000000080000000, 0x0000000085400000, 0x00000000d5580000)
  object space 86016K, 12% used [0x0000000080000000,0x0000000080a3f420,0x0000000085400000)
 Metaspace       used 20456K, capacity 21204K, committed 21248K, reserved 1067008K
  class space    used 2845K, capacity 3048K, committed 3072K, reserved 1048576K
Event: 5.091 GC heap after
Heap after GC invocations=7 (full 1):
 PSYoungGen      total 143360K, used 0K [0x00000000d5580000, 0x00000000ded80000, 0x0000000100000000)
  eden space 131072K, 0% used [0x00000000d5580000,0x00000000d5580000,0x00000000dd580000)
  from space 12288K, 0% used [0x00000000de180000,0x00000000de180000,0x00000000ded80000)
  to   space 12288K, 0% used [0x00000000dd580000,0x00000000dd580000,0x00000000de180000)
 ParOldGen       total 51712K, used 10161K [0x0000000080000000, 0x0000000083280000, 0x00000000d5580000)
  object space 51712K, 19% used [0x0000000080000000,0x00000000809ec568,0x0000000083280000)
 Metaspace       used 20456K, capacity 21204K, committed 21248K, reserved 1067008K
  class space    used 2845K, capacity 3048K, committed 3072K, reserved 1048576K
}
Event: 9.131 GC heap before
{Heap before GC invocations=8 (full 1):
 PSYoungGen      total 143360K, used 131072K [0x00000000d5580000, 0x00000000ded80000, 0x0000000100000000)
  eden space 131072K, 100% used [0x00000000d5580000,0x00000000dd580000,0x00000000dd580000)
  from space 12288K, 0% used [0x00000000de180000,0x00000000de180000,0x00000000ded80000)
  to   space 12288K, 0% used [0x00000000dd580000,0x00000000dd580000,0x00000000de180000)
 ParOldGen       total 51712K, used 10161K [0x0000000080000000, 0x0000000083280000, 0x00000000d5580000)
  object space 51712K, 19% used [0x0000000080000000,0x00000000809ec568,0x0000000083280000)
 Metaspace       used 32937K, capacity 34032K, committed 34176K, reserved 1079296K
  class space    used 4476K, capacity 4722K, committed 4736K, reserved 1048576K
Event: 9.415 GC heap after
Heap after GC invocations=8 (full 1):
 PSYoungGen      total 143360K, used 12280K [0x00000000d5580000, 0x00000000ded80000, 0x0000000100000000)
  eden space 131072K, 0% used [0x00000000d5580000,0x00000000d5580000,0x00000000dd580000)
  from space 12288K, 99% used [0x00000000dd580000,0x00000000de17e298,0x00000000de180000)
  to   space 12288K, 0% used [0x00000000de180000,0x00000000de180000,0x00000000ded80000)
 ParOldGen       total 51712K, used 12024K [0x0000000080000000, 0x0000000083280000, 0x00000000d5580000)
  object space 51712K, 23% used [0x0000000080000000,0x0000000080bbe298,0x0000000083280000)
 Metaspace       used 32937K, capacity 34032K, committed 34176K, reserved 1079296K
  class space    used 4476K, capacity 4722K, committed 4736K, reserved 1048576K
}
Event: 9.978 GC heap before
{Heap before GC invocations=9 (full 1):
 PSYoungGen      total 143360K, used 40007K [0x00000000d5580000, 0x00000000ded80000, 0x0000000100000000)
  eden space 131072K, 21% used [0x00000000d5580000,0x00000000d7093c08,0x00000000dd580000)
  from space 12288K, 99% used [0x00000000dd580000,0x00000000de17e298,0x00000000de180000)
  to   space 12288K, 0% used [0x00000000de180000,0x00000000de180000,0x00000000ded80000)
 ParOldGen       total 51712K, used 12024K [0x0000000080000000, 0x0000000083280000, 0x00000000d5580000)
  object space 51712K, 23% used [0x0000000080000000,0x0000000080bbe298,0x0000000083280000)
 Metaspace       used 34224K, capacity 35372K, committed 35416K, reserved 1079296K
  class space    used 4686K, capacity 4969K, committed 4992K, reserved 1048576K
Event: 10.019 GC heap after
Heap after GC invocations=9 (full 1):
 PSYoungGen      total 143360K, used 7890K [0x00000000d5580000, 0x00000000ded80000, 0x0000000100000000)
  eden space 131072K, 0% used [0x00000000d5580000,0x00000000d5580000,0x00000000dd580000)
  from space 12288K, 64% used [0x00000000de180000,0x00000000de934a88,0x00000000ded80000)
  to   space 12288K, 0% used [0x00000000dd580000,0x00000000dd580000,0x00000000de180000)
 ParOldGen       total 51712K, used 12032K [0x0000000080000000, 0x0000000083280000, 0x00000000d5580000)
  object space 51712K, 23% used [0x0000000080000000,0x0000000080bc0298,0x0000000083280000)
 Metaspace       used 34224K, capacity 35372K, committed 35416K, reserved 1079296K
  class space    used 4686K, capacity 4969K, committed 4992K, reserved 1048576K
}
Event: 10.020 GC heap before
{Heap before GC invocations=10 (full 2):
 PSYoungGen      total 143360K, used 7890K [0x00000000d5580000, 0x00000000ded80000, 0x0000000100000000)
  eden space 131072K, 0% used [0x00000000d5580000,0x00000000d5580000,0x00000000dd580000)
  from space 12288K, 64% used [0x00000000de180000,0x00000000de934a88,0x00000000ded80000)
  to   space 12288K, 0% used [0x00000000dd580000,0x00000000dd580000,0x00000000de180000)
 ParOldGen       total 51712K, used 12032K [0x0000000080000000, 0x0000000083280000, 0x00000000d5580000)
  object space 51712K, 23% used [0x0000000080000000,0x0000000080bc0298,0x0000000083280000)
 Metaspace       used 34224K, capacity 35372K, committed 35416K, reserved 1079296K
  class space    used 4686K, capacity 4969K, committed 4992K, reserved 1048576K
Event: 10.485 GC heap after
Heap after GC invocations=10 (full 2):
 PSYoungGen      total 143360K, used 0K [0x00000000d5580000, 0x00000000ded80000, 0x0000000100000000)
  eden space 131072K, 0% used [0x00000000d5580000,0x00000000d5580000,0x00000000dd580000)
  from space 12288K, 0% used [0x00000000de180000,0x00000000de180000,0x00000000ded80000)
  to   space 12288K, 0% used [0x00000000dd580000,0x00000000dd580000,0x00000000de180000)
 ParOldGen       total 62464K, used 14470K [0x0000000080000000, 0x0000000083d00000, 0x00000000d5580000)
  object space 62464K, 23% used [0x0000000080000000,0x0000000080e21a58,0x0000000083d00000)
 Metaspace       used 34224K, capacity 35372K, committed 35416K, reserved 1079296K
  class space    used 4686K, capacity 4969K, committed 4992K, reserved 1048576K
}

